<?xml version="1.0" encoding="UTF-8"?>
<!-- Generated by org.testng.reporters.JUnitXMLReporter -->
<testsuite ignored="0" hostname="DESKTOP-H0PI4DT" failures="0" tests="2" name="Test" time="0.279" errors="0" timestamp="2022-09-20T13:41:20 IST">
  <testcase classname="extentReportExample1.BaseTest" name="@BeforeTest startReport" time="0.141">
    <failure type="java.lang.Error" message="Unresolved compilation problem: 
	VERSION_2_3_29 cannot be resolved or is not a field
">
      <![CDATA[java.lang.Error: Unresolved compilation problem: 
VERSION_2_3_29 cannot be resolved or is not a field

at com.aventstack.extentreports.reporter.BasicFileReporter.start(BasicFileReporter.java:98)
at com.aventstack.extentreports.ReportObservable.register(ReportObservable.java:191)
at java.base/java.util.Spliterators$ArraySpliterator.forEachRemaining(Spliterators.java:948)
at java.base/java.util.stream.ReferencePipeline$Head.forEach(ReferencePipeline.java:762)
at com.aventstack.extentreports.ExtentReports.attachReporter(ExtentReports.java:82)
at extentReportExample1.BaseTest.startReport(BaseTest.java:48)
... Removed 24 stack frames]]>
    </failure>
  </testcase> <!-- @BeforeTest startReport -->
  <testcase classname="extentReportExample1.BaseTest" name="@BeforeMethod launchapp" time="0.0">
    <skipped/>
  </testcase> <!-- @BeforeMethod launchapp -->
  <testcase classname="extentReportExample1.BaseTest" name="@AfterMethod closeApp" time="0.0">
    <skipped/>
  </testcase> <!-- @AfterMethod closeApp -->
  <testcase classname="extentReportExample1.BaseTest" name="@AfterMethod getResult" time="0.0">
    <skipped/>
  </testcase> <!-- @AfterMethod getResult -->
  <testcase classname="extentReportExample1.BaseTest" name="@BeforeMethod launchapp" time="0.0">
    <skipped/>
  </testcase> <!-- @BeforeMethod launchapp -->
  <testcase classname="extentReportExample1.BaseTest" name="@AfterMethod closeApp" time="0.0">
    <skipped/>
  </testcase> <!-- @AfterMethod closeApp -->
  <testcase classname="extentReportExample1.BaseTest" name="@AfterMethod getResult" time="0.0">
    <skipped/>
  </testcase> <!-- @AfterMethod getResult -->
  <testcase classname="extentReportExample1.BaseTest" name="@AfterTest closeReport" time="0.0">
    <skipped/>
  </testcase> <!-- @AfterTest closeReport -->
  <testcase classname="extentReportExample1.GoogleTest" name="verifyAppLogo" time="0.001">
    <skipped/>
  </testcase> <!-- verifyAppLogo -->
  <testcase classname="extentReportExample1.GoogleTest" name="verifyAppTitle" time="0.0">
    <skipped/>
  </testcase> <!-- verifyAppTitle -->
</testsuite> <!-- Test -->
