<?xml version="1.0" encoding="UTF-8"?>
<testng-results ignored="0" total="1" passed="1" failed="0" skipped="0">
  <reporter-output>
  </reporter-output>
  <suite started-at="2022-09-19T14:41:06 IST" name="Suite" finished-at="2022-09-19T14:43:08 IST" duration-ms="122441">
    <groups>
    </groups>
    <test started-at="2022-09-19T14:41:06 IST" name="Test" finished-at="2022-09-19T14:43:08 IST" duration-ms="122441">
      <class name="incedo_test.RegisterStudentTest">
        <test-method is-config="true" signature="launchApp()[pri:0, instance:incedo_test.RegisterStudentTest@73e22a3d]" started-at="2022-09-19T14:41:06 IST" name="launchApp" finished-at="2022-09-19T14:41:13 IST" duration-ms="7183" status="PASS">
          <reporter-output>
          </reporter-output>
        </test-method> <!-- launchApp -->
        <test-method signature="verifyRegisterStudentTest()[pri:0, instance:incedo_test.RegisterStudentTest@73e22a3d]" started-at="2022-09-19T14:41:13 IST" name="verifyRegisterStudentTest" finished-at="2022-09-19T14:43:03 IST" duration-ms="109759" status="PASS">
          <reporter-output>
          </reporter-output>
        </test-method> <!-- verifyRegisterStudentTest -->
        <test-method is-config="true" signature="closeApp()[pri:0, instance:incedo_test.RegisterStudentTest@73e22a3d]" started-at="2022-09-19T14:43:03 IST" name="closeApp" finished-at="2022-09-19T14:43:08 IST" duration-ms="5393" status="PASS">
          <reporter-output>
          </reporter-output>
        </test-method> <!-- closeApp -->
      </class> <!-- incedo_test.RegisterStudentTest -->
    </test> <!-- Test -->
  </suite> <!-- Suite -->
</testng-results>
